# JRE version: OpenJDK Runtime Environment OpenLogic-OpenJDK (21.0.3+9) (build 21.0.3+9-adhoc.Administrator.jdk21u)
# Java VM: OpenJDK 64-Bit Server VM OpenLogic-OpenJDK (21.0.3+9-adhoc.Administrator.jdk21u, mixed mode, sharing, tiered, compressed oops, compressed class ptrs, parallel gc, windows-amd64)
GC Precious Log:
 CardTable entry size: 512
 CPUs: 16 total, 16 available
 Memory: 7860M
 Large Page Support: Disabled
 NUMA Support: Disabled
 Compressed Oops: Enabled (32-bit)
 Alignments: Space 512K, Generation 512K, Heap 2M
 Heap Min Capacity: 100M
 Heap Initial Capacity: 100M
 Heap Max Capacity: 2G
 Pre-touch: Disabled
 Parallel Workers: 13
Heap:
 PSYoungGen      total 18944K, used 9656K [0x00000000d5580000, 0x00000000d6980000, 0x0000000100000000)
  eden space 17408K, 49% used [0x00000000d5580000,0x00000000d5de5078,0x00000000d6680000)
  from space 1536K, 69% used [0x00000000d6680000,0x00000000d6789338,0x00000000d6800000)
  to   space 1536K, 0% used [0x00000000d6800000,0x00000000d6800000,0x00000000d6980000)
 ParOldGen       total 82944K, used 80582K [0x0000000080000000, 0x0000000085100000, 0x00000000d5580000)
  object space 82944K, 97% used [0x0000000080000000,0x0000000084eb1a68,0x0000000085100000)
 Metaspace       used 67582K, committed 69120K, reserved 1114112K
  class space    used 6979K, committed 7616K, reserved 1048576K
GC Heap History (20 events):
Event: 36.584 GC heap before
{Heap before GC invocations=76 (full 3):
 PSYoungGen      total 20480K, used 20394K [0x00000000d5580000, 0x00000000d6b80000, 0x0000000100000000)
  eden space 19456K, 100% used [0x00000000d5580000,0x00000000d6880000,0x00000000d6880000)
  from space 1024K, 91% used [0x00000000d6880000,0x00000000d696a978,0x00000000d6980000)
  to   space 1536K, 0% used [0x00000000d6a00000,0x00000000d6a00000,0x00000000d6b80000)
 ParOldGen       total 82944K, used 73512K [0x0000000080000000, 0x0000000085100000, 0x00000000d5580000)
  object space 82944K, 88% used [0x0000000080000000,0x00000000847ca148,0x0000000085100000)
 Metaspace       used 66985K, committed 68544K, reserved 1114112K
  class space    used 6910K, committed 7552K, reserved 1048576K
}
Event: 36.587 GC heap after
{Heap after GC invocations=76 (full 3):
 PSYoungGen      total 20480K, used 865K [0x00000000d5580000, 0x00000000d6b00000, 0x0000000100000000)
  eden space 19456K, 0% used [0x00000000d5580000,0x00000000d5580000,0x00000000d6880000)
  from space 1024K, 84% used [0x00000000d6a00000,0x00000000d6ad8740,0x00000000d6b00000)
  to   space 1024K, 0% used [0x00000000d6880000,0x00000000d6880000,0x00000000d6980000)
 ParOldGen       total 82944K, used 74060K [0x0000000080000000, 0x0000000085100000, 0x00000000d5580000)
  object space 82944K, 89% used [0x0000000080000000,0x00000000848533f8,0x0000000085100000)
 Metaspace       used 66985K, committed 68544K, reserved 1114112K
  class space    used 6910K, committed 7552K, reserved 1048576K
}
Event: 36.654 GC heap before
{Heap before GC invocations=77 (full 3):
 PSYoungGen      total 20480K, used 20321K [0x00000000d5580000, 0x00000000d6b00000, 0x0000000100000000)
  eden space 19456K, 100% used [0x00000000d5580000,0x00000000d6880000,0x00000000d6880000)
  from space 1024K, 84% used [0x00000000d6a00000,0x00000000d6ad8740,0x00000000d6b00000)
  to   space 1024K, 0% used [0x00000000d6880000,0x00000000d6880000,0x00000000d6980000)
 ParOldGen       total 82944K, used 74060K [0x0000000080000000, 0x0000000085100000, 0x00000000d5580000)
  object space 82944K, 89% used [0x0000000080000000,0x00000000848533f8,0x0000000085100000)
 Metaspace       used 66986K, committed 68544K, reserved 1114112K
  class space    used 6910K, committed 7552K, reserved 1048576K
}
Event: 36.655 GC heap after
{Heap after GC invocations=77 (full 3):
 PSYoungGen      total 20480K, used 742K [0x00000000d5580000, 0x00000000d6a80000, 0x0000000100000000)
  eden space 19456K, 0% used [0x00000000d5580000,0x00000000d5580000,0x00000000d6880000)
  from space 1024K, 72% used [0x00000000d6880000,0x00000000d6939930,0x00000000d6980000)
  to   space 1024K, 0% used [0x00000000d6980000,0x00000000d6980000,0x00000000d6a80000)
 ParOldGen       total 82944K, used 74610K [0x0000000080000000, 0x0000000085100000, 0x00000000d5580000)
  object space 82944K, 89% used [0x0000000080000000,0x00000000848dcb50,0x0000000085100000)
 Metaspace       used 66986K, committed 68544K, reserved 1114112K
  class space    used 6910K, committed 7552K, reserved 1048576K
}
Event: 36.686 GC heap before
{Heap before GC invocations=78 (full 3):
 PSYoungGen      total 20480K, used 20198K [0x00000000d5580000, 0x00000000d6a80000, 0x0000000100000000)
  eden space 19456K, 100% used [0x00000000d5580000,0x00000000d6880000,0x00000000d6880000)
  from space 1024K, 72% used [0x00000000d6880000,0x00000000d6939930,0x00000000d6980000)
  to   space 1024K, 0% used [0x00000000d6980000,0x00000000d6980000,0x00000000d6a80000)
 ParOldGen       total 82944K, used 74610K [0x0000000080000000, 0x0000000085100000, 0x00000000d5580000)
  object space 82944K, 89% used [0x0000000080000000,0x00000000848dcb50,0x0000000085100000)
 Metaspace       used 66986K, committed 68544K, reserved 1114112K
  class space    used 6910K, committed 7552K, reserved 1048576K
}
Event: 36.687 GC heap after
{Heap after GC invocations=78 (full 3):
 PSYoungGen      total 20480K, used 448K [0x00000000d5580000, 0x00000000d6a80000, 0x0000000100000000)
  eden space 19456K, 0% used [0x00000000d5580000,0x00000000d5580000,0x00000000d6880000)
  from space 1024K, 43% used [0x00000000d6980000,0x00000000d69f0000,0x00000000d6a80000)
  to   space 1024K, 0% used [0x00000000d6880000,0x00000000d6880000,0x00000000d6980000)
 ParOldGen       total 82944K, used 75183K [0x0000000080000000, 0x0000000085100000, 0x00000000d5580000)
  object space 82944K, 90% used [0x0000000080000000,0x000000008496be20,0x0000000085100000)
 Metaspace       used 66986K, committed 68544K, reserved 1114112K
  class space    used 6910K, committed 7552K, reserved 1048576K
}
Event: 36.728 GC heap before
{Heap before GC invocations=79 (full 3):
 PSYoungGen      total 20480K, used 19904K [0x00000000d5580000, 0x00000000d6a80000, 0x0000000100000000)
  eden space 19456K, 100% used [0x00000000d5580000,0x00000000d6880000,0x00000000d6880000)
  from space 1024K, 43% used [0x00000000d6980000,0x00000000d69f0000,0x00000000d6a80000)
  to   space 1024K, 0% used [0x00000000d6880000,0x00000000d6880000,0x00000000d6980000)
 ParOldGen       total 82944K, used 75183K [0x0000000080000000, 0x0000000085100000, 0x00000000d5580000)
  object space 82944K, 90% used [0x0000000080000000,0x000000008496be20,0x0000000085100000)
 Metaspace       used 66986K, committed 68544K, reserved 1114112K
  class space    used 6910K, committed 7552K, reserved 1048576K
}
Event: 36.730 GC heap after
{Heap after GC invocations=79 (full 3):
 PSYoungGen      total 20480K, used 608K [0x00000000d5580000, 0x00000000d6a80000, 0x0000000100000000)
  eden space 19456K, 0% used [0x00000000d5580000,0x00000000d5580000,0x00000000d6880000)
  from space 1024K, 59% used [0x00000000d6880000,0x00000000d6918000,0x00000000d6980000)
  to   space 1024K, 0% used [0x00000000d6980000,0x00000000d6980000,0x00000000d6a80000)
 ParOldGen       total 82944K, used 75551K [0x0000000080000000, 0x0000000085100000, 0x00000000d5580000)
  object space 82944K, 91% used [0x0000000080000000,0x00000000849c7e20,0x0000000085100000)
 Metaspace       used 66986K, committed 68544K, reserved 1114112K
  class space    used 6910K, committed 7552K, reserved 1048576K
}
Event: 36.837 GC heap before
{Heap before GC invocations=80 (full 3):
 PSYoungGen      total 20480K, used 20064K [0x00000000d5580000, 0x00000000d6a80000, 0x0000000100000000)
  eden space 19456K, 100% used [0x00000000d5580000,0x00000000d6880000,0x00000000d6880000)
  from space 1024K, 59% used [0x00000000d6880000,0x00000000d6918000,0x00000000d6980000)
  to   space 1024K, 0% used [0x00000000d6980000,0x00000000d6980000,0x00000000d6a80000)
 ParOldGen       total 82944K, used 75551K [0x0000000080000000, 0x0000000085100000, 0x00000000d5580000)
  object space 82944K, 91% used [0x0000000080000000,0x00000000849c7e20,0x0000000085100000)
 Metaspace       used 66986K, committed 68544K, reserved 1114112K
  class space    used 6910K, committed 7552K, reserved 1048576K
}
Event: 36.839 GC heap after
{Heap after GC invocations=80 (full 3):
 PSYoungGen      total 19456K, used 1018K [0x00000000d5580000, 0x00000000d6c80000, 0x0000000100000000)
  eden space 18432K, 0% used [0x00000000d5580000,0x00000000d5580000,0x00000000d6780000)
  from space 1024K, 99% used [0x00000000d6980000,0x00000000d6a7e920,0x00000000d6a80000)
  to   space 2048K, 0% used [0x00000000d6780000,0x00000000d6780000,0x00000000d6980000)
 ParOldGen       total 82944K, used 76362K [0x0000000080000000, 0x0000000085100000, 0x00000000d5580000)
  object space 82944K, 92% used [0x0000000080000000,0x0000000084a92b48,0x0000000085100000)
 Metaspace       used 66986K, committed 68544K, reserved 1114112K
  class space    used 6910K, committed 7552K, reserved 1048576K
}
Event: 36.886 GC heap before
{Heap before GC invocations=81 (full 3):
 PSYoungGen      total 19456K, used 19283K [0x00000000d5580000, 0x00000000d6c80000, 0x0000000100000000)
  eden space 18432K, 99% used [0x00000000d5580000,0x00000000d6756578,0x00000000d6780000)
  from space 1024K, 99% used [0x00000000d6980000,0x00000000d6a7e920,0x00000000d6a80000)
  to   space 2048K, 0% used [0x00000000d6780000,0x00000000d6780000,0x00000000d6980000)
 ParOldGen       total 82944K, used 76362K [0x0000000080000000, 0x0000000085100000, 0x00000000d5580000)
  object space 82944K, 92% used [0x0000000080000000,0x0000000084a92b48,0x0000000085100000)
 Metaspace       used 66986K, committed 68544K, reserved 1114112K
  class space    used 6910K, committed 7552K, reserved 1048576K
}
Event: 36.889 GC heap after
{Heap after GC invocations=81 (full 3):
 PSYoungGen      total 19456K, used 736K [0x00000000d5580000, 0x00000000d6a80000, 0x0000000100000000)
  eden space 18432K, 0% used [0x00000000d5580000,0x00000000d5580000,0x00000000d6780000)
  from space 1024K, 71% used [0x00000000d6780000,0x00000000d6838000,0x00000000d6880000)
  to   space 1536K, 0% used [0x00000000d6900000,0x00000000d6900000,0x00000000d6a80000)
 ParOldGen       total 82944K, used 77385K [0x0000000080000000, 0x0000000085100000, 0x00000000d5580000)
  object space 82944K, 93% used [0x0000000080000000,0x0000000084b92608,0x0000000085100000)
 Metaspace       used 66986K, committed 68544K, reserved 1114112K
  class space    used 6910K, committed 7552K, reserved 1048576K
}
Event: 36.961 GC heap before
{Heap before GC invocations=82 (full 3):
 PSYoungGen      total 19456K, used 19168K [0x00000000d5580000, 0x00000000d6a80000, 0x0000000100000000)
  eden space 18432K, 100% used [0x00000000d5580000,0x00000000d6780000,0x00000000d6780000)
  from space 1024K, 71% used [0x00000000d6780000,0x00000000d6838000,0x00000000d6880000)
  to   space 1536K, 0% used [0x00000000d6900000,0x00000000d6900000,0x00000000d6a80000)
 ParOldGen       total 82944K, used 77385K [0x0000000080000000, 0x0000000085100000, 0x00000000d5580000)
  object space 82944K, 93% used [0x0000000080000000,0x0000000084b92608,0x0000000085100000)
 Metaspace       used 66986K, committed 68544K, reserved 1114112K
  class space    used 6910K, committed 7552K, reserved 1048576K
}
Event: 36.964 GC heap after
{Heap after GC invocations=82 (full 3):
 PSYoungGen      total 18944K, used 1520K [0x00000000d5580000, 0x00000000d6c80000, 0x0000000100000000)
  eden space 17408K, 0% used [0x00000000d5580000,0x00000000d5580000,0x00000000d6680000)
  from space 1536K, 99% used [0x00000000d6900000,0x00000000d6a7c2c0,0x00000000d6a80000)
  to   space 2560K, 0% used [0x00000000d6680000,0x00000000d6680000,0x00000000d6900000)
 ParOldGen       total 82944K, used 77815K [0x0000000080000000, 0x0000000085100000, 0x00000000d5580000)
  object space 82944K, 93% used [0x0000000080000000,0x0000000084bfdc60,0x0000000085100000)
 Metaspace       used 66986K, committed 68544K, reserved 1114112K
  class space    used 6910K, committed 7552K, reserved 1048576K
}
Event: 37.016 GC heap before
{Heap before GC invocations=83 (full 3):
 PSYoungGen      total 18944K, used 18928K [0x00000000d5580000, 0x00000000d6c80000, 0x0000000100000000)
  eden space 17408K, 100% used [0x00000000d5580000,0x00000000d6680000,0x00000000d6680000)
  from space 1536K, 99% used [0x00000000d6900000,0x00000000d6a7c2c0,0x00000000d6a80000)
  to   space 2560K, 0% used [0x00000000d6680000,0x00000000d6680000,0x00000000d6900000)
 ParOldGen       total 82944K, used 77815K [0x0000000080000000, 0x0000000085100000, 0x00000000d5580000)
  object space 82944K, 93% used [0x0000000080000000,0x0000000084bfdc60,0x0000000085100000)
 Metaspace       used 66987K, committed 68544K, reserved 1114112K
  class space    used 6910K, committed 7552K, reserved 1048576K
}
Event: 37.019 GC heap after
{Heap after GC invocations=83 (full 3):
 PSYoungGen      total 18432K, used 776K [0x00000000d5580000, 0x00000000d6980000, 0x0000000100000000)
  eden space 17408K, 0% used [0x00000000d5580000,0x00000000d5580000,0x00000000d6680000)
  from space 1024K, 75% used [0x00000000d6680000,0x00000000d6742388,0x00000000d6780000)
  to   space 1536K, 0% used [0x00000000d6800000,0x00000000d6800000,0x00000000d6980000)
 ParOldGen       total 82944K, used 79155K [0x0000000080000000, 0x0000000085100000, 0x00000000d5580000)
  object space 82944K, 95% used [0x0000000080000000,0x0000000084d4cf58,0x0000000085100000)
 Metaspace       used 66987K, committed 68544K, reserved 1114112K
  class space    used 6910K, committed 7552K, reserved 1048576K
}
Event: 37.139 GC heap before
{Heap before GC invocations=84 (full 3):
 PSYoungGen      total 18432K, used 18184K [0x00000000d5580000, 0x00000000d6980000, 0x0000000100000000)
  eden space 17408K, 100% used [0x00000000d5580000,0x00000000d6680000,0x00000000d6680000)
  from space 1024K, 75% used [0x00000000d6680000,0x00000000d6742388,0x00000000d6780000)
  to   space 1536K, 0% used [0x00000000d6800000,0x00000000d6800000,0x00000000d6980000)
 ParOldGen       total 82944K, used 79155K [0x0000000080000000, 0x0000000085100000, 0x00000000d5580000)
  object space 82944K, 95% used [0x0000000080000000,0x0000000084d4cf58,0x0000000085100000)
 Metaspace       used 66991K, committed 68544K, reserved 1114112K
  class space    used 6910K, committed 7552K, reserved 1048576K
}
Event: 37.141 GC heap after
{Heap after GC invocations=84 (full 3):
 PSYoungGen      total 18944K, used 1116K [0x00000000d5580000, 0x00000000d6980000, 0x0000000100000000)
  eden space 17408K, 0% used [0x00000000d5580000,0x00000000d5580000,0x00000000d6680000)
  from space 1536K, 72% used [0x00000000d6800000,0x00000000d6917040,0x00000000d6980000)
  to   space 1536K, 0% used [0x00000000d6680000,0x00000000d6680000,0x00000000d6800000)
 ParOldGen       total 82944K, used 79689K [0x0000000080000000, 0x0000000085100000, 0x00000000d5580000)
  object space 82944K, 96% used [0x0000000080000000,0x0000000084dd2770,0x0000000085100000)
 Metaspace       used 66991K, committed 68544K, reserved 1114112K
  class space    used 6910K, committed 7552K, reserved 1048576K
}
Event: 37.253 GC heap before
{Heap before GC invocations=85 (full 3):
 PSYoungGen      total 18944K, used 18524K [0x00000000d5580000, 0x00000000d6980000, 0x0000000100000000)
  eden space 17408K, 100% used [0x00000000d5580000,0x00000000d6680000,0x00000000d6680000)
  from space 1536K, 72% used [0x00000000d6800000,0x00000000d6917040,0x00000000d6980000)
  to   space 1536K, 0% used [0x00000000d6680000,0x00000000d6680000,0x00000000d6800000)
 ParOldGen       total 82944K, used 79689K [0x0000000080000000, 0x0000000085100000, 0x00000000d5580000)
  object space 82944K, 96% used [0x0000000080000000,0x0000000084dd2770,0x0000000085100000)
 Metaspace       used 66992K, committed 68544K, reserved 1114112K
  class space    used 6910K, committed 7552K, reserved 1048576K
}
Event: 37.255 GC heap after
{Heap after GC invocations=85 (full 3):
 PSYoungGen      total 18944K, used 1060K [0x00000000d5580000, 0x00000000d6980000, 0x0000000100000000)
  eden space 17408K, 0% used [0x00000000d5580000,0x00000000d5580000,0x00000000d6680000)
  from space 1536K, 69% used [0x00000000d6680000,0x00000000d6789338,0x00000000d6800000)
  to   space 1536K, 0% used [0x00000000d6800000,0x00000000d6800000,0x00000000d6980000)
 ParOldGen       total 82944K, used 80582K [0x0000000080000000, 0x0000000085100000, 0x00000000d5580000)
  object space 82944K, 97% used [0x0000000080000000,0x0000000084eb1a68,0x0000000085100000)
 Metaspace       used 66992K, committed 68544K, reserved 1114112K
  class space    used 6910K, committed 7552K, reserved 1048576K
}

